<testsuites>
  <testsuite tests="1" failures="0" time="0.160" name="package/name" timestamp="2021-03-09T18:09:18Z">
		<properties>
			<property name="go.version" value="1.0"></property>
		</properties>
		<testcase classname="name" name="TestOne" time="0.060"></testcase>
		<testcase classname="name" name="TestTwo" time="0.100"></testcase>
  </testsuite>
</testsuites>
